2026-03-11 12:41:20,360 [ERROR] slack-ai-assistant.slack: Failed to start Slack app: The request to the Slack API failed. (url: https://slack.com/api/auth.test)
The server responded with: {'ok': False, 'error': 'not_authed'}
2026-03-11 12:41:20,360 [ERROR] slack-ai-assistant: Failed to start application: The request to the Slack API failed. (url: https://slack.com/api/auth.test)
The server responded with: {'ok': False, 'error': 'not_authed'}
Traceback (most recent call last):
  File "/Users/vishnuvalsalan/LearningProjects/Slack-ClawdBot-main/src/slack_ai_assistant/main.py", line 78, in main
    await slack_module.start_slack_app()
  File "/Users/vishnuvalsalan/LearningProjects/Slack-ClawdBot-main/src/slack_ai_assistant/channels/slack.py", line 318, in start_slack_app
    client.client.auth_test()
  File "/Users/vishnuvalsalan/LearningProjects/Slack-ClawdBot-main/.venv/lib/python3.12/site-packages/slack_sdk/web/client.py", line 2132, in auth_test
    return self.api_call("auth.test", params=kwargs)
           ^^^^^^^^^^^^^^^^^^^^^^^^^^^^^^^^^^^^^^^^^
  File "/Users/vishnuvalsalan/LearningProjects/Slack-ClawdBot-main/.venv/lib/python3.12/site-packages/slack_sdk/web/base_client.py", line 169, in api_call
    return self._sync_send(api_url=api_url, req_args=req_args)
           ^^^^^^^^^^^^^^^^^^^^^^^^^^^^^^^^^^^^^^^^^^^^^^^^^^^
  File "/Users/vishnuvalsalan/LearningProjects/Slack-ClawdBot-main/.venv/lib/python3.12/site-packages/slack_sdk/web/base_client.py", line 200, in _sync_send
    return self._urllib_api_call(
           ^^^^^^^^^^^^^^^^^^^^^^
  File "/Users/vishnuvalsalan/LearningProjects/Slack-ClawdBot-main/.venv/lib/python3.12/site-packages/slack_sdk/web/base_client.py", line 331, in _urllib_api_call
    ).validate()
      ^^^^^^^^^^
  File "/Users/vishnuvalsalan/LearningProjects/Slack-ClawdBot-main/.venv/lib/python3.12/site-packages/slack_sdk/web/slack_response.py", line 197, in validate
    raise e.SlackApiError(message=msg, response=self)
slack_sdk.errors.SlackApiError: The request to the Slack API failed. (url: https://slack.com/api/auth.test)
The server responded with: {'ok': False, 'error': 'not_authed'}
2026-03-11 12:41:32,377 [ERROR] slack-ai-assistant.slack: Failed to start Slack app: The request to the Slack API failed. (url: https://slack.com/api/auth.test)
The server responded with: {'ok': False, 'error': 'not_authed'}
2026-03-11 12:41:32,377 [ERROR] slack-ai-assistant: Failed to start application: The request to the Slack API failed. (url: https://slack.com/api/auth.test)
The server responded with: {'ok': False, 'error': 'not_authed'}
Traceback (most recent call last):
  File "/Users/vishnuvalsalan/LearningProjects/Slack-ClawdBot-main/src/slack_ai_assistant/main.py", line 78, in main
    await slack_module.start_slack_app()
  File "/Users/vishnuvalsalan/LearningProjects/Slack-ClawdBot-main/src/slack_ai_assistant/channels/slack.py", line 318, in start_slack_app
    client.client.auth_test()
  File "/Users/vishnuvalsalan/LearningProjects/Slack-ClawdBot-main/.venv/lib/python3.12/site-packages/slack_sdk/web/client.py", line 2132, in auth_test
    return self.api_call("auth.test", params=kwargs)
           ^^^^^^^^^^^^^^^^^^^^^^^^^^^^^^^^^^^^^^^^^
  File "/Users/vishnuvalsalan/LearningProjects/Slack-ClawdBot-main/.venv/lib/python3.12/site-packages/slack_sdk/web/base_client.py", line 169, in api_call
    return self._sync_send(api_url=api_url, req_args=req_args)
           ^^^^^^^^^^^^^^^^^^^^^^^^^^^^^^^^^^^^^^^^^^^^^^^^^^^
  File "/Users/vishnuvalsalan/LearningProjects/Slack-ClawdBot-main/.venv/lib/python3.12/site-packages/slack_sdk/web/base_client.py", line 200, in _sync_send
    return self._urllib_api_call(
           ^^^^^^^^^^^^^^^^^^^^^^
  File "/Users/vishnuvalsalan/LearningProjects/Slack-ClawdBot-main/.venv/lib/python3.12/site-packages/slack_sdk/web/base_client.py", line 331, in _urllib_api_call
    ).validate()
      ^^^^^^^^^^
  File "/Users/vishnuvalsalan/LearningProjects/Slack-ClawdBot-main/.venv/lib/python3.12/site-packages/slack_sdk/web/slack_response.py", line 197, in validate
    raise e.SlackApiError(message=msg, response=self)
slack_sdk.errors.SlackApiError: The request to the Slack API failed. (url: https://slack.com/api/auth.test)
The server responded with: {'ok': False, 'error': 'not_authed'}
2026-03-11 12:47:47,270 [ERROR] slack-ai-assistant.slack: Failed to start Slack app: The request to the Slack API failed. (url: https://slack.com/api/auth.test)
The server responded with: {'ok': False, 'error': 'not_authed'}
2026-03-11 12:47:47,271 [ERROR] slack-ai-assistant: Failed to start application: The request to the Slack API failed. (url: https://slack.com/api/auth.test)
The server responded with: {'ok': False, 'error': 'not_authed'}
Traceback (most recent call last):
  File "/Users/vishnuvalsalan/LearningProjects/Slack-ClawdBot-main/src/slack_ai_assistant/main.py", line 78, in main
    await slack_module.start_slack_app()
  File "/Users/vishnuvalsalan/LearningProjects/Slack-ClawdBot-main/src/slack_ai_assistant/channels/slack.py", line 318, in start_slack_app
    client.client.auth_test()
  File "/Users/vishnuvalsalan/LearningProjects/Slack-ClawdBot-main/.venv/lib/python3.12/site-packages/slack_sdk/web/client.py", line 2132, in auth_test
    return self.api_call("auth.test", params=kwargs)
           ^^^^^^^^^^^^^^^^^^^^^^^^^^^^^^^^^^^^^^^^^
  File "/Users/vishnuvalsalan/LearningProjects/Slack-ClawdBot-main/.venv/lib/python3.12/site-packages/slack_sdk/web/base_client.py", line 169, in api_call
    return self._sync_send(api_url=api_url, req_args=req_args)
           ^^^^^^^^^^^^^^^^^^^^^^^^^^^^^^^^^^^^^^^^^^^^^^^^^^^
  File "/Users/vishnuvalsalan/LearningProjects/Slack-ClawdBot-main/.venv/lib/python3.12/site-packages/slack_sdk/web/base_client.py", line 200, in _sync_send
    return self._urllib_api_call(
           ^^^^^^^^^^^^^^^^^^^^^^
  File "/Users/vishnuvalsalan/LearningProjects/Slack-ClawdBot-main/.venv/lib/python3.12/site-packages/slack_sdk/web/base_client.py", line 331, in _urllib_api_call
    ).validate()
      ^^^^^^^^^^
  File "/Users/vishnuvalsalan/LearningProjects/Slack-ClawdBot-main/.venv/lib/python3.12/site-packages/slack_sdk/web/slack_response.py", line 197, in validate
    raise e.SlackApiError(message=msg, response=self)
slack_sdk.errors.SlackApiError: The request to the Slack API failed. (url: https://slack.com/api/auth.test)
The server responded with: {'ok': False, 'error': 'not_authed'}
